<?xml version="1.0" encoding="UTF-8"?>
<testng-results ignored="0" total="1" passed="1" failed="0" skipped="0">
  <reporter-output>
  </reporter-output>
  <suite started-at="2024-09-09T12:26:17 IST" name="Suite" finished-at="2024-09-09T12:26:52 IST" duration-ms="34817">
    <groups>
    </groups>
    <test started-at="2024-09-09T12:26:17 IST" name="Test" finished-at="2024-09-09T12:26:52 IST" duration-ms="34817">
      <class name="com.ShoppersStack_testScripts.TC_001_Verify_user_is_able_to_add_address_or_not_Test">
        <test-method is-config="true" signature="beforeSuite()[pri:0, instance:com.ShoppersStack_testScripts.TC_001_Verify_user_is_able_to_add_address_or_not_Test@4c12331b]" started-at="2024-09-09T12:26:17 IST" name="beforeSuite" finished-at="2024-09-09T12:26:17 IST" duration-ms="12" status="PASS">
          <reporter-output>
          </reporter-output>
        </test-method> <!-- beforeSuite -->
        <test-method is-config="true" signature="beforeTest()[pri:0, instance:com.ShoppersStack_testScripts.TC_001_Verify_user_is_able_to_add_address_or_not_Test@4c12331b]" started-at="2024-09-09T12:26:17 IST" name="beforeTest" finished-at="2024-09-09T12:26:18 IST" duration-ms="308" status="PASS">
          <reporter-output>
          </reporter-output>
        </test-method> <!-- beforeTest -->
        <test-method is-config="true" signature="beforeClass()[pri:0, instance:com.ShoppersStack_testScripts.TC_001_Verify_user_is_able_to_add_address_or_not_Test@4c12331b]" started-at="2024-09-09T12:26:18 IST" name="beforeClass" finished-at="2024-09-09T12:26:24 IST" duration-ms="5976" status="PASS">
          <reporter-output>
          </reporter-output>
        </test-method> <!-- beforeClass -->
        <test-method is-config="true" signature="beforeMethod()[pri:0, instance:com.ShoppersStack_testScripts.TC_001_Verify_user_is_able_to_add_address_or_not_Test@4c12331b]" started-at="2024-09-09T12:26:24 IST" name="beforeMethod" finished-at="2024-09-09T12:26:32 IST" duration-ms="8626" status="PASS">
          <reporter-output>
          </reporter-output>
        </test-method> <!-- beforeMethod -->
        <test-method signature="addAddress()[pri:0, instance:com.ShoppersStack_testScripts.TC_001_Verify_user_is_able_to_add_address_or_not_Test@4c12331b]" started-at="2024-09-09T12:26:32 IST" name="addAddress" finished-at="2024-09-09T12:26:42 IST" duration-ms="9687" status="PASS">
          <reporter-output>
          </reporter-output>
        </test-method> <!-- addAddress -->
        <test-method is-config="true" signature="afterMethod()[pri:0, instance:com.ShoppersStack_testScripts.TC_001_Verify_user_is_able_to_add_address_or_not_Test@4c12331b]" started-at="2024-09-09T12:26:42 IST" name="afterMethod" finished-at="2024-09-09T12:26:47 IST" duration-ms="5589" status="PASS">
          <reporter-output>
          </reporter-output>
        </test-method> <!-- afterMethod -->
        <test-method is-config="true" signature="afterClass()[pri:0, instance:com.ShoppersStack_testScripts.TC_001_Verify_user_is_able_to_add_address_or_not_Test@4c12331b]" started-at="2024-09-09T12:26:48 IST" name="afterClass" finished-at="2024-09-09T12:26:51 IST" duration-ms="3456" status="PASS">
          <reporter-output>
          </reporter-output>
        </test-method> <!-- afterClass -->
        <test-method is-config="true" signature="afterTest()[pri:0, instance:com.ShoppersStack_testScripts.TC_001_Verify_user_is_able_to_add_address_or_not_Test@4c12331b]" started-at="2024-09-09T12:26:51 IST" name="afterTest" finished-at="2024-09-09T12:26:52 IST" duration-ms="1099" status="PASS">
          <reporter-output>
          </reporter-output>
        </test-method> <!-- afterTest -->
        <test-method is-config="true" signature="afterSuite()[pri:0, instance:com.ShoppersStack_testScripts.TC_001_Verify_user_is_able_to_add_address_or_not_Test@4c12331b]" started-at="2024-09-09T12:26:52 IST" name="afterSuite" finished-at="2024-09-09T12:26:52 IST" duration-ms="1" status="PASS">
          <reporter-output>
          </reporter-output>
        </test-method> <!-- afterSuite -->
      </class> <!-- com.ShoppersStack_testScripts.TC_001_Verify_user_is_able_to_add_address_or_not_Test -->
    </test> <!-- Test -->
  </suite> <!-- Suite -->
</testng-results>
